<?xml version="1.0" encoding="UTF-8"?>
<!-- Generated by org.testng.reporters.JUnitXMLReporter -->
<testsuite ignored="0" hostname="AP-PC21NM4J" failures="0" tests="1" name="Test" time="0.132" errors="0" timestamp="2025-04-27T14:53:47 IST">
  <testcase classname="com.saucedemo.testCases.Base" name="@BeforeSuite launchBrowser" time="-1.745745827339E9">
    <failure type="org.testng.TestNGException" message="
Native Injection is NOT supported for @BeforeSuite annotated launchBrowser.
For more information on native dependency injection please refer to https://testng.org/#_dependency_injection">
      <![CDATA[org.testng.TestNGException: 
Native Injection is NOT supported for @BeforeSuite annotated launchBrowser.
For more information on native dependency injection please refer to https://testng.org/#_dependency_injection
... Removed 16 stack frames]]>
    </failure>
  </testcase> <!-- @BeforeSuite launchBrowser -->
  <testcase classname="com.saucedemo.testCases.LoginTest" name="@BeforeClass initializedClasses" time="0.0">
    <skipped/>
  </testcase> <!-- @BeforeClass initializedClasses -->
  <testcase classname="com.saucedemo.testCases.LoginTest" name="ValidateLogoText" time="0.0">
    <skipped/>
  </testcase> <!-- ValidateLogoText -->
</testsuite> <!-- Test -->
