<?xml version="1.0" encoding="UTF-8"?>
<testng-results ignored="0" total="1" passed="1" failed="0" skipped="0">
  <reporter-output>
  </reporter-output>
  <suite started-at="2025-04-26T22:03:36 IST" name="Suite" finished-at="2025-04-26T22:03:37 IST" duration-ms="472">
    <groups>
    </groups>
    <test started-at="2025-04-26T22:03:36 IST" name="Test" finished-at="2025-04-26T22:03:37 IST" duration-ms="472">
      <class name="com.saucedemo.testCases.LoginTest">
        <test-method is-config="true" signature="launchBrowser()[pri:0, instance:com.saucedemo.testCases.LoginTest@24959ca4]" started-at="2025-04-26T22:03:32 IST" name="launchBrowser" finished-at="2025-04-26T22:03:36 IST" duration-ms="4491" status="PASS">
          <reporter-output>
          </reporter-output>
        </test-method> <!-- launchBrowser -->
        <test-method is-config="true" signature="initializedClasses()[pri:0, instance:com.saucedemo.testCases.LoginTest@24959ca4]" started-at="2025-04-26T22:03:36 IST" name="initializedClasses" finished-at="2025-04-26T22:03:36 IST" duration-ms="6" status="PASS">
          <reporter-output>
          </reporter-output>
        </test-method> <!-- initializedClasses -->
        <test-method signature="ValidateLogoText()[pri:0, instance:com.saucedemo.testCases.LoginTest@24959ca4]" started-at="2025-04-26T22:03:36 IST" name="ValidateLogoText" finished-at="2025-04-26T22:03:37 IST" duration-ms="195" status="PASS">
          <reporter-output>
          </reporter-output>
        </test-method> <!-- ValidateLogoText -->
        <test-method is-config="true" signature="tearDown()[pri:0, instance:com.saucedemo.testCases.LoginTest@24959ca4]" started-at="2025-04-26T22:03:37 IST" name="tearDown" finished-at="2025-04-26T22:03:38 IST" duration-ms="596" status="PASS">
          <reporter-output>
          </reporter-output>
        </test-method> <!-- tearDown -->
      </class> <!-- com.saucedemo.testCases.LoginTest -->
    </test> <!-- Test -->
  </suite> <!-- Suite -->
</testng-results>
